[2026-05-14T12:28:46.617Z] [BACKEND] [INFO] [SERVICE] Scheduler started
[2026-05-14T12:28:46.945Z] [BACKEND] [ERROR] [SERVICE] D-Fetch Fail: 401
[2026-05-14T12:28:47.088Z] [BACKEND] [ERROR] [SERVICE] D-Fetch Fail: 401
[2026-05-14T12:28:47.155Z] [BACKEND] [FATAL] [SERVICE] API data missing

[2026-05-14T12:36:04.133Z] [BACKEND] [INFO] [SERVICE] Scheduler started
[2026-05-14T12:36:04.420Z] [BACKEND] [INFO] [SERVICE] Data: 2D, 34V
[2026-05-14T12:36:04.465Z] [BACKEND] [INFO] [SERVICE] Proc Depot 4: 97h
[2026-05-14T12:36:04.509Z] [BACKEND] [INFO] [SERVICE] D4 Res: Imp=196, V=28
[2026-05-14T12:36:04.554Z] [BACKEND] [INFO] [SERVICE] Proc Depot 5: 164h
[2026-05-14T12:36:04.601Z] [BACKEND] [INFO] [SERVICE] D5 Res: Imp=210, V=34
[2026-05-14T12:36:04.645Z] [BACKEND] [INFO] [SERVICE] Scheduler finished
[2026-05-14T12:42:56.946Z] [BACKEND] [INFO] [SERVICE] Scheduler started
[2026-05-14T12:42:57.197Z] [BACKEND] [INFO] [SERVICE] Data: 5D, 37V
[2026-05-14T12:42:57.243Z] [BACKEND] [INFO] [SERVICE] Proc Depot 1: 60h
[2026-05-14T12:42:57.288Z] [BACKEND] [INFO] [SERVICE] D1 Res: Imp=128, V=20
[2026-05-14T12:42:57.331Z] [BACKEND] [INFO] [SERVICE] Proc Depot 2: 135h
[2026-05-14T12:42:57.391Z] [BACKEND] [INFO] [SERVICE] D2 Res: Imp=171, V=34
[2026-05-14T12:42:57.539Z] [BACKEND] [INFO] [SERVICE] Proc Depot 3: 188h
[2026-05-14T12:42:57.586Z] [BACKEND] [INFO] [SERVICE] D3 Res: Imp=174, V=37
[2026-05-14T12:42:57.631Z] [BACKEND] [INFO] [SERVICE] Proc Depot 4: 97h
[2026-05-14T12:42:57.681Z] [BACKEND] [INFO] [SERVICE] D4 Res: Imp=155, V=28
[2026-05-14T12:42:57.730Z] [BACKEND] [INFO] [SERVICE] Proc Depot 5: 164h
[2026-05-14T12:42:57.779Z] [BACKEND] [INFO] [SERVICE] D5 Res: Imp=174, V=37
[2026-05-14T12:42:57.836Z] [BACKEND] [INFO] [SERVICE] Scheduler finished
